<?xml version="1.0" encoding="UTF-8"?>
<testsuite xmlns:xsi="http://www.w3.org/2001/XMLSchema-instance" xsi:noNamespaceSchemaLocation="https://maven.apache.org/surefire/maven-surefire-plugin/xsd/surefire-test-report-3.0.xsd" version="3.0" name="com.example.urlshortener.controller.RedirectControllerTest" time="12.799" tests="1" errors="0" skipped="0" failures="0">
  <properties>
[...]
</properties>
  <testcase name="redirectsToResolvedDestination" classname="com.example.urlshortener.controller.RedirectControllerTest" time="12.718">
    <system-out><![CDATA[23:31:09.295 [main] INFO org.hibernate.validator.internal.util.Version -- HV000001: Hibernate Validator 8.0.1.Final
23:31:14.095 [main] INFO org.springframework.mock.web.MockServletContext -- Initializing Spring TestDispatcherServlet ''
23:31:14.095 [main] INFO org.springframework.test.web.servlet.TestDispatcherServlet -- Initializing Servlet ''
23:31:14.138 [main] INFO org.springframework.test.web.servlet.TestDispatcherServlet -- Completed initialization in 36 ms
]]></system-out>
  </testcase>
</testsuite>