<?xml version="1.0" encoding="UTF-8"?>
<testsuite xmlns:xsi="http://www.w3.org/2001/XMLSchema-instance" xsi:noNamespaceSchemaLocation="https://maven.apache.org/surefire/maven-surefire-plugin/xsd/surefire-test-report-3.0.xsd" version="3.0" name="com.example.urlshortener.repository.ApprovalHistoryRepositoryTest" time="2.785" tests="1" errors="0" skipped="0" failures="0">
  <properties>
[...]
</properties>
  <testcase name="findsApprovalHistoryForWorkflowInDecisionOrder" classname="com.example.urlshortener.repository.ApprovalHistoryRepositoryTest" time="1.061">
    <system-out><![CDATA[2026-07-30T23:35:18.751+05:30 level=DEBUG service=orchestrator-service logger=o.s.b.t.a.o.j.DataJpaTestContextBootstrapper message=Neither @ContextConfiguration nor @ContextHierarchy found for test class [ApprovalHistoryRepositoryTest]: using SpringBootContextLoader
2026-07-30T23:35:18.751+05:30 level=INFO  service=orchestrator-service logger=o.s.t.c.s.AnnotationConfigContextLoaderUtils message=Could not detect default configuration classes for test class [com.example.urlshortener.repository.ApprovalHistoryRepositoryTest]: ApprovalHistoryRepositoryTest does not declare any static, non-private, non-final, nested classes annotated with @Configuration.
2026-07-30T23:35:18.754+05:30 level=DEBUG service=orchestrator-service logger=o.s.b.t.a.o.j.DataJpaTestContextBootstrapper message=Using ContextCustomizerFactory implementations for test class [ApprovalHistoryRepositoryTest]: [ImportsContextCustomizerFactory, ExcludeFilterContextCustomizerFactory, HttpGraphQlTesterContextCustomizerFactory, DuplicateJsonObjectContextCustomizerFactory, MockitoContextCustomizerFactory, TestRestTemplateContextCustomizerFactory, WebTestClientContextCustomizerFactory, DisableReactorResourceFactoryGlobalResourcesContextCustomizerFactory, OnFailureConditionReportContextCustomizerFactory, OverrideAutoConfigurationContextCustomizerFactory, ObservabilityContextCustomizerFactory, TypeExcludeFiltersContextCustomizerFactory, PropertyMappingContextCustomizerFactory, WebDriverContextCustomizerFactory, MockServerContainerContextCustomizerFactory, DynamicPropertiesContextCustomizerFactory]
2026-07-30T23:35:18.803+05:30 level=DEBUG service=orchestrator-service logger=o.s.b.t.a.o.j.DataJpaTestContextBootstrapper message=Using ContextCustomizers for test class [ApprovalHistoryRepositoryTest]: [ImportsContextCustomizer, ExcludeFilterContextCustomizer, DuplicateJsonObjectContextCustomizer, MockitoContextCustomizer, DisableReactorResourceFactoryGlobalResourcesContextCustomizerCustomizer, OnFailureConditionReportContextCustomizer, DisableAutoConfigurationContextCustomizer, DisableObservabilityContextCustomizer, TypeExcludeFiltersContextCustomizer, PropertyMappingContextCustomizer, WebDriverContextCustomizer]
2026-07-30T23:35:18.824+05:30 level=INFO  service=orchestrator-service logger=o.s.b.t.c.SpringBootTestContextBootstrapper message=Found @SpringBootConfiguration com.example.urlshortener.OrchestratorServiceApplication for test class com.example.urlshortener.repository.ApprovalHistoryRepositoryTest
2026-07-30T23:35:18.824+05:30 level=DEBUG service=orchestrator-service logger=o.s.b.t.a.o.j.DataJpaTestContextBootstrapper message=Using TestExecutionListeners for test class [ApprovalHistoryRepositoryTest]: [ServletTestExecutionListener, DirtiesContextBeforeModesTestExecutionListener, ApplicationEventsTestExecutionListener, MockitoTestExecutionListener, DependencyInjectionTestExecutionListener, DirtiesContextTestExecutionListener, TransactionalTestExecutionListener, SqlScriptsTestExecutionListener, EventPublishingTestExecutionListener, ResetMocksTestExecutionListener, RestDocsTestExecutionListener, MockRestServiceServerResetTestExecutionListener, MockMvcPrintOnlyOnFailureTestExecutionListener, WebDriverTestExecutionListener, MockWebServiceServerTestExecutionListener]
2026-07-30T23:35:18.856+05:30 level=DEBUG service=orchestrator-service logger=o.s.boot.env.OriginTrackedYamlLoader message=Loading from YAML: class path resource [application.yml]
2026-07-30T23:35:18.859+05:30 level=DEBUG service=orchestrator-service logger=o.s.boot.env.OriginTrackedYamlLoader message=Merging document (no matchers set): {spring={jpa={hibernate={ddl-auto=create-drop}}}}
2026-07-30T23:35:18.859+05:30 level=DEBUG service=orchestrator-service logger=o.s.boot.env.OriginTrackedYamlLoader message=Loaded 1 document from YAML resource: class path resource [application.yml]
2026-07-30T23:35:18.881+05:30 level=DEBUG service=orchestrator-service logger=o.s.boot.ApplicationEnvironment message=Activating profiles []

  .   ____          _            __ _ _
 /\\ / ___'_ __ _ _(_)_ __  __ _ \ \ \ \
( ( )\___ | '_ | '_| | '_ \/ _` | \ \ \ \
 \\/  ___)| |_)| | | | | || (_| |  ) ) ) )
  '  |____| .__|_| |_|_| |_\__, | / / / /
 =========|_|==============|___/=/_/_/_/

 :: Spring Boot ::                (v3.3.5)

2026-07-30T23:35:18.910+05:30 level=INFO  service=orchestrator-service logger=c.e.u.r.ApprovalHistoryRepositoryTest message=Starting ApprovalHistoryRepositoryTest using Java 17.0.19 with PID 27032 (started by abhis in D:\PST PRoject\Vivek\PSTProject\url-shortener\orchestrator-service)
2026-07-30T23:35:18.911+05:30 level=INFO  service=orchestrator-service logger=c.e.u.r.ApprovalHistoryRepositoryTest message=No active profile set, falling back to 1 default profile: "default"
2026-07-30T23:35:18.911+05:30 level=DEBUG service=orchestrator-service logger=o.s.boot.SpringApplication message=Loading source class com.example.urlshortener.OrchestratorServiceApplication
2026-07-30T23:35:19.246+05:30 level=INFO  service=orchestrator-service logger=o.s.d.r.c.RepositoryConfigurationDelegate message=Bootstrapping Spring Data JPA repositories in DEFAULT mode.
2026-07-30T23:35:19.249+05:30 level=DEBUG service=orchestrator-service logger=o.s.b.a.AutoConfigurationPackages message=@EnableAutoConfiguration was declared on a class in the package 'com.example.urlshortener'. Automatic @Repository and @Entity scanning is enabled.
2026-07-30T23:35:19.292+05:30 level=INFO  service=orchestrator-service logger=o.s.d.r.c.RepositoryConfigurationDelegate message=Finished Spring Data repository scanning in 50 ms. Found 5 JPA repository interfaces.
2026-07-30T23:35:19.345+05:30 level=INFO  service=orchestrator-service logger=o.s.b.t.a.j.TestDatabaseAutoConfiguration$EmbeddedDataSourceBeanFactoryPostProcessor message=Replacing 'dataSource' DataSource bean with embedded version
2026-07-30T23:35:19.430+05:30 level=INFO  service=orchestrator-service logger=o.s.j.d.e.EmbeddedDatabaseFactory message=Starting embedded database: url='jdbc:h2:mem:2f5bcd7b-9b43-45b8-994f-3e61bc36162f;DB_CLOSE_DELAY=-1;DB_CLOSE_ON_EXIT=false', username='sa'
2026-07-30T23:35:19.509+05:30 level=INFO  service=orchestrator-service logger=o.h.jpa.internal.util.LogHelper message=HHH000204: Processing PersistenceUnitInfo [name: default]
2026-07-30T23:35:19.519+05:30 level=INFO  service=orchestrator-service logger=o.h.c.i.RegionFactoryInitiator message=HHH000026: Second-level cache disabled
2026-07-30T23:35:19.560+05:30 level=INFO  service=orchestrator-service logger=o.s.o.j.p.SpringPersistenceUnitInfo message=No LoadTimeWeaver setup: ignoring JPA class transformer
2026-07-30T23:35:20.105+05:30 level=INFO  service=orchestrator-service logger=o.h.e.t.j.p.i.JtaPlatformInitiator message=HHH000489: No JTA platform available (set 'hibernate.transaction.jta.platform' to enable JTA platform integration)
2026-07-30T23:35:20.105+05:30 level=DEBUG service=orchestrator-service logger=org.hibernate.SQL message=drop table if exists approval_history cascade 
Hibernate: drop table if exists approval_history cascade 
2026-07-30T23:35:20.109+05:30 level=DEBUG service=orchestrator-service logger=org.hibernate.SQL message=drop table if exists decision_history cascade 
Hibernate: drop table if exists decision_history cascade 
2026-07-30T23:35:20.109+05:30 level=DEBUG service=orchestrator-service logger=org.hibernate.SQL message=drop table if exists workflow_audit_events cascade 
Hibernate: drop table if exists workflow_audit_events cascade 
2026-07-30T23:35:20.109+05:30 level=DEBUG service=orchestrator-service logger=org.hibernate.SQL message=drop table if exists workflow_context cascade 
Hibernate: drop table if exists workflow_context cascade 
2026-07-30T23:35:20.109+05:30 level=DEBUG service=orchestrator-service logger=org.hibernate.SQL message=drop table if exists workflow_executions cascade 
Hibernate: drop table if exists workflow_executions cascade 
2026-07-30T23:35:20.113+05:30 level=DEBUG service=orchestrator-service logger=org.hibernate.SQL message=create table approval_history (decided_at timestamp(6) with time zone not null, id uuid not null, workflow_execution_id uuid not null, approver varchar(120) not null, comments varchar(2000), decision enum ('APPROVED','DEFERRED','REJECTED','REWORK_REQUESTED') not null, previous_state enum ('APPROVED','AWAITING_APPROVAL','CANCELLED','COMPLETED','FAILED','PENDING','REJECTED','ROLLING_BACK','RUNNING','SAFE_STOPPED') not null, resulting_state enum ('APPROVED','AWAITING_APPROVAL','CANCELLED','COMPLETED','FAILED','PENDING','REJECTED','ROLLING_BACK','RUNNING','SAFE_STOPPED') not null, primary key (id))
Hibernate: create table approval_history (decided_at timestamp(6) with time zone not null, id uuid not null, workflow_execution_id uuid not null, approver varchar(120) not null, comments varchar(2000), decision enum ('APPROVED','DEFERRED','REJECTED','REWORK_REQUESTED') not null, previous_state enum ('APPROVED','AWAITING_APPROVAL','CANCELLED','COMPLETED','FAILED','PENDING','REJECTED','ROLLING_BACK','RUNNING','SAFE_STOPPED') not null, resulting_state enum ('APPROVED','AWAITING_APPROVAL','CANCELLED','COMPLETED','FAILED','PENDING','REJECTED','ROLLING_BACK','RUNNING','SAFE_STOPPED') not null, primary key (id))
2026-07-30T23:35:20.121+05:30 level=DEBUG service=orchestrator-service logger=org.hibernate.SQL message=create table decision_history (decided_at timestamp(6) with time zone not null, id uuid not null, workflow_execution_id uuid not null, decision varchar(120) not null, rationale varchar(2000), stage enum ('APPROVAL','ARCHITECTURE','DOCUMENTATION','IMPLEMENTATION','PLANNING','REQUIREMENTS','REVIEW','TESTING') not null, primary key (id))
Hibernate: create table decision_history (decided_at timestamp(6) with time zone not null, id uuid not null, workflow_execution_id uuid not null, decision varchar(120) not null, rationale varchar(2000), stage enum ('APPROVAL','ARCHITECTURE','DOCUMENTATION','IMPLEMENTATION','PLANNING','REQUIREMENTS','REVIEW','TESTING') not null, primary key (id))
2026-07-30T23:35:20.135+05:30 level=DEBUG service=orchestrator-service logger=org.hibernate.SQL message=create table workflow_audit_events (occurred_at timestamp(6) with time zone not null, id uuid not null, workflow_execution_id uuid not null, action varchar(80) not null, details varchar(2000), primary key (id))
Hibernate: create table workflow_audit_events (occurred_at timestamp(6) with time zone not null, id uuid not null, workflow_execution_id uuid not null, action varchar(80) not null, details varchar(2000), primary key (id))
2026-07-30T23:35:20.144+05:30 level=DEBUG service=orchestrator-service logger=org.hibernate.SQL message=create table workflow_context (updated_at timestamp(6) with time zone not null, id uuid not null, workflow_execution_id uuid not null, context_key varchar(120) not null, context_value varchar(4000) not null, primary key (id), constraint uk_workflow_context_key unique (workflow_execution_id, context_key))
Hibernate: create table workflow_context (updated_at timestamp(6) with time zone not null, id uuid not null, workflow_execution_id uuid not null, context_key varchar(120) not null, context_value varchar(4000) not null, primary key (id), constraint uk_workflow_context_key unique (workflow_execution_id, context_key))
2026-07-30T23:35:20.163+05:30 level=DEBUG service=orchestrator-service logger=org.hibernate.SQL message=create table workflow_executions (approval_round integer not null, plan_revision integer not null, retry_count integer not null, created_at timestamp(6) with time zone not null, updated_at timestamp(6) with time zone not null, id uuid not null, workflow_name varchar(120) not null, current_stage enum ('APPROVAL','ARCHITECTURE','DOCUMENTATION','IMPLEMENTATION','PLANNING','REQUIREMENTS','REVIEW','TESTING') not null, workflow_state enum ('APPROVED','AWAITING_APPROVAL','CANCELLED','COMPLETED','FAILED','PENDING','REJECTED','ROLLING_BACK','RUNNING','SAFE_STOPPED') not null, primary key (id))
Hibernate: create table workflow_executions (approval_round integer not null, plan_revision integer not null, retry_count integer not null, created_at timestamp(6) with time zone not null, updated_at timestamp(6) with time zone not null, id uuid not null, workflow_name varchar(120) not null, current_stage enum ('APPROVAL','ARCHITECTURE','DOCUMENTATION','IMPLEMENTATION','PLANNING','REQUIREMENTS','REVIEW','TESTING') not null, workflow_state enum ('APPROVED','AWAITING_APPROVAL','CANCELLED','COMPLETED','FAILED','PENDING','REJECTED','ROLLING_BACK','RUNNING','SAFE_STOPPED') not null, primary key (id))
2026-07-30T23:35:20.171+05:30 level=DEBUG service=orchestrator-service logger=org.hibernate.SQL message=create index idx_approval_history_workflow_decided_at on approval_history (workflow_execution_id, decided_at)
Hibernate: create index idx_approval_history_workflow_decided_at on approval_history (workflow_execution_id, decided_at)
2026-07-30T23:35:20.173+05:30 level=DEBUG service=orchestrator-service logger=org.hibernate.SQL message=create index idx_approval_history_approver_decided_at on approval_history (approver, decided_at)
Hibernate: create index idx_approval_history_approver_decided_at on approval_history (approver, decided_at)
2026-07-30T23:35:20.177+05:30 level=DEBUG service=orchestrator-service logger=org.hibernate.SQL message=create index idx_decision_history_workflow_decided_at on decision_history (workflow_execution_id, decided_at)
Hibernate: create index idx_decision_history_workflow_decided_at on decision_history (workflow_execution_id, decided_at)
2026-07-30T23:35:20.180+05:30 level=DEBUG service=orchestrator-service logger=org.hibernate.SQL message=create index idx_workflow_audit_workflow_occurred_at on workflow_audit_events (workflow_execution_id, occurred_at)
Hibernate: create index idx_workflow_audit_workflow_occurred_at on workflow_audit_events (workflow_execution_id, occurred_at)
2026-07-30T23:35:20.181+05:30 level=DEBUG service=orchestrator-service logger=org.hibernate.SQL message=create index idx_workflow_executions_state_updated_at on workflow_executions (workflow_state, updated_at)
Hibernate: create index idx_workflow_executions_state_updated_at on workflow_executions (workflow_state, updated_at)
2026-07-30T23:35:20.186+05:30 level=DEBUG service=orchestrator-service logger=org.hibernate.SQL message=create index idx_workflow_executions_created_at on workflow_executions (created_at)
Hibernate: create index idx_workflow_executions_created_at on workflow_executions (created_at)
2026-07-30T23:35:20.186+05:30 level=DEBUG service=orchestrator-service logger=org.hibernate.SQL message=alter table if exists approval_history add constraint FKsb7vuislbke1o01nltnhdlfdo foreign key (workflow_execution_id) references workflow_executions
Hibernate: alter table if exists approval_history add constraint FKsb7vuislbke1o01nltnhdlfdo foreign key (workflow_execution_id) references workflow_executions
2026-07-30T23:35:20.196+05:30 level=DEBUG service=orchestrator-service logger=org.hibernate.SQL message=alter table if exists decision_history add constraint FKnhknbyfs5ku381sfc9k9xqs8x foreign key (workflow_execution_id) references workflow_executions
Hibernate: alter table if exists decision_history add constraint FKnhknbyfs5ku381sfc9k9xqs8x foreign key (workflow_execution_id) references workflow_executions
2026-07-30T23:35:20.205+05:30 level=DEBUG service=orchestrator-service logger=org.hibernate.SQL message=alter table if exists workflow_audit_events add constraint FKe0tf103ao91p3ulefojbitmpk foreign key (workflow_execution_id) references workflow_executions
Hibernate: alter table if exists workflow_audit_events add constraint FKe0tf103ao91p3ulefojbitmpk foreign key (workflow_execution_id) references workflow_executions
2026-07-30T23:35:20.210+05:30 level=DEBUG service=orchestrator-service logger=org.hibernate.SQL message=alter table if exists workflow_context add constraint FKsp9q2kipctf25smrcyflegxw3 foreign key (workflow_execution_id) references workflow_executions
Hibernate: alter table if exists workflow_context add constraint FKsp9q2kipctf25smrcyflegxw3 foreign key (workflow_execution_id) references workflow_executions
2026-07-30T23:35:20.213+05:30 level=INFO  service=orchestrator-service logger=o.s.o.j.LocalContainerEntityManagerFactoryBean message=Initialized JPA EntityManagerFactory for persistence unit 'default'
2026-07-30T23:35:20.436+05:30 level=DEBUG service=orchestrator-service logger=o.s.b.a.l.ConditionEvaluationReportLogger message=


============================
CONDITIONS EVALUATION REPORT
============================


Positive matches:
-----------------

   DataSourceAutoConfiguration matched:
      - @ConditionalOnClass found required classes 'javax.sql.DataSource', 'org.springframework.jdbc.datasource.embedded.EmbeddedDatabaseType' (OnClassCondition)
      - @ConditionalOnMissingBean (types: io.r2dbc.spi.ConnectionFactory; SearchStrategy: all) did not find any beans (OnBeanCondition)

   DataSourceAutoConfiguration.PooledDataSourceConfiguration matched:
      - AnyNestedCondition 1 matched 1 did not; NestedCondition on DataSourceAutoConfiguration.PooledDataSourceCondition.PooledDataSourceAvailable PooledDataSource found supported DataSource; NestedCondition on DataSourceAutoConfiguration.PooledDataSourceCondition.ExplicitType @ConditionalOnProperty (spring.datasource.type) did not find property 'type' (DataSourceAutoConfiguration.PooledDataSourceCondition)
      - @ConditionalOnMissingBean (types: javax.sql.DataSource,javax.sql.XADataSource; SearchStrategy: all) did not find any beans (OnBeanCondition)

   DataSourceAutoConfiguration.PooledDataSourceConfiguration#jdbcConnectionDetails matched:
      - @ConditionalOnMissingBean (types: org.springframework.boot.autoconfigure.jdbc.JdbcConnectionDetails; SearchStrategy: all) did not find any beans (OnBeanCondition)

   DataSourceConfiguration.Hikari matched:
      - @ConditionalOnClass found required class 'com.zaxxer.hikari.HikariDataSource' (OnClassCondition)
      - @ConditionalOnProperty (spring.datasource.type=com.zaxxer.hikari.HikariDataSource) matched (OnPropertyCondition)
      - @ConditionalOnMissingBean (types: javax.sql.DataSource; SearchStrategy: all) did not find any beans (OnBeanCondition)

   DataSourceInitializationConfiguration matched:
      - @ConditionalOnClass found required class 'org.springframework.jdbc.datasource.init.DatabasePopulator' (OnClassCondition)
      - @ConditionalOnSingleCandidate (types: javax.sql.DataSource; SearchStrategy: all) found a single bean 'dataSource'; @ConditionalOnMissingBean (types: org.springframework.boot.autoconfigure.sql.init.SqlDataSourceScriptDatabaseInitializer,org.springframework.boot.autoconfigure.sql.init.SqlR2dbcScriptDatabaseInitializer; SearchStrategy: all) did not find any beans (OnBeanCondition)

   DataSourcePoolMetadataProvidersConfiguration.HikariPoolDataSourceMetadataProviderConfiguration matched:
      - @ConditionalOnClass found required class 'com.zaxxer.hikari.HikariDataSource' (OnClassCondition)

   DataSourceTransactionManagerAutoConfiguration matched:
      - @ConditionalOnClass found required classes 'javax.sql.DataSource', 'org.springframework.jdbc.core.JdbcTemplate', 'org.springframework.transaction.TransactionManager' (OnClassCondition)

   DataSourceTransactionManagerAutoConfiguration.JdbcTransactionManagerConfiguration matched:
      - @ConditionalOnSingleCandidate (types: javax.sql.DataSource; SearchStrategy: all) found a single bean 'dataSource' (OnBeanCondition)

   HibernateJpaAutoConfiguration matched:
      - @ConditionalOnClass found required classes 'org.springframework.orm.jpa.LocalContainerEntityManagerFactoryBean', 'jakarta.persistence.EntityManager', 'org.hibernate.engine.spi.SessionImplementor' (OnClassCondition)

   HibernateJpaConfiguration matched:
      - @ConditionalOnSingleCandidate (types: javax.sql.DataSource; SearchStrategy: all) found a single bean 'dataSource' (OnBeanCondition)

   JdbcClientAutoConfiguration matched:
      - @ConditionalOnSingleCandidate (types: org.springframework.jdbc.core.namedparam.NamedParameterJdbcTemplate; SearchStrategy: all) found a single bean 'namedParameterJdbcTemplate'; @ConditionalOnMissingBean (types: org.springframework.jdbc.core.simple.JdbcClient; SearchStrategy: all) did not find any beans (OnBeanCondition)

   JdbcTemplateAutoConfiguration matched:
      - @ConditionalOnClass found required classes 'javax.sql.DataSource', 'org.springframework.jdbc.core.JdbcTemplate' (OnClassCondition)
      - @ConditionalOnSingleCandidate (types: javax.sql.DataSource; SearchStrategy: all) found a single bean 'dataSource' (OnBeanCondition)

   JdbcTemplateConfiguration matched:
      - @ConditionalOnMissingBean (types: org.springframework.jdbc.core.JdbcOperations; SearchStrategy: all) did not find any beans (OnBeanCondition)

   JpaBaseConfiguration#entityManagerFactory matched:
      - @ConditionalOnMissingBean (types: org.springframework.orm.jpa.LocalContainerEntityManagerFactoryBean,jakarta.persistence.EntityManagerFactory; SearchStrategy: all) did not find any beans (OnBeanCondition)

   JpaBaseConfiguration#entityManagerFactoryBuilder matched:
      - @ConditionalOnMissingBean (types: org.springframework.boot.orm.jpa.EntityManagerFactoryBuilder; SearchStrategy: all) did not find any beans (OnBeanCondition)

   JpaBaseConfiguration#jpaVendorAdapter matched:
      - @ConditionalOnMissingBean (types: org.springframework.orm.jpa.JpaVendorAdapter; SearchStrategy: all) did not find any beans (OnBeanCondition)

   JpaBaseConfiguration#transactionManager matched:
      - @ConditionalOnMissingBean (types: org.springframework.transaction.TransactionManager; SearchStrategy: all) did not find any beans (OnBeanCondition)

   JpaBaseConfiguration.PersistenceManagedTypesConfiguration matched:
      - @ConditionalOnMissingBean (types: org.springframework.orm.jpa.LocalContainerEntityManagerFactoryBean,jakarta.persistence.EntityManagerFactory; SearchStrategy: all) did not find any beans (OnBeanCondition)

   JpaBaseConfiguration.PersistenceManagedTypesConfiguration#persistenceManagedTypes matched:
      - @ConditionalOnMissingBean (types: org.springframework.orm.jpa.persistenceunit.PersistenceManagedTypes; SearchStrategy: all) did not find any beans (OnBeanCondition)

   JpaRepositoriesAutoConfiguration matched:
      - @ConditionalOnClass found required class 'org.springframework.data.jpa.repository.JpaRepository' (OnClassCondition)
      - @ConditionalOnProperty (spring.data.jpa.repositories.enabled=true) matched (OnPropertyCondition)
      - @ConditionalOnBean (types: javax.sql.DataSource; SearchStrategy: all) found bean 'dataSource'; @ConditionalOnMissingBean (types: org.springframework.data.jpa.repository.support.JpaRepositoryFactoryBean,org.springframework.data.jpa.repository.config.JpaRepositoryConfigExtension; SearchStrategy: all) did not find any beans (OnBeanCondition)

   NamedParameterJdbcTemplateConfiguration matched:
      - @ConditionalOnSingleCandidate (types: org.springframework.jdbc.core.JdbcTemplate; SearchStrategy: all) found a single bean 'jdbcTemplate'; @ConditionalOnMissingBean (types: org.springframework.jdbc.core.namedparam.NamedParameterJdbcOperations; SearchStrategy: all) did not find any beans (OnBeanCondition)

   NoOpCacheConfiguration matched:
      - Cache org.springframework.boot.autoconfigure.cache.NoOpCacheConfiguration NONE cache type (CacheCondition)

   SqlInitializationAutoConfiguration matched:
      - @ConditionalOnProperty (spring.sql.init.enabled) matched (OnPropertyCondition)
      - NoneNestedConditions 0 matched 1 did not; NestedCondition on SqlInitializationAutoConfiguration.SqlInitializationModeCondition.ModeIsNever @ConditionalOnProperty (spring.sql.init.mode=never) did not find property 'mode' (SqlInitializationAutoConfiguration.SqlInitializationModeCondition)

   TestDatabaseAutoConfiguration#embeddedDataSourceBeanFactoryPostProcessor matched:
      - @ConditionalOnProperty (spring.test.database.replace=ANY) matched (OnPropertyCondition)

   TestEntityManagerAutoConfiguration matched:
      - @ConditionalOnClass found required class 'jakarta.persistence.EntityManagerFactory' (OnClassCondition)

   TestEntityManagerAutoConfiguration#testEntityManager matched:
      - @ConditionalOnMissingBean (types: org.springframework.boot.test.autoconfigure.orm.jpa.TestEntityManager; SearchStrategy: all) did not find any beans (OnBeanCondition)

   TransactionAutoConfiguration matched:
      - @ConditionalOnClass found required class 'org.springframework.transaction.PlatformTransactionManager' (OnClassCondition)

   TransactionAutoConfiguration.EnableTransactionManagementConfiguration matched:
      - @ConditionalOnBean (types: org.springframework.transaction.TransactionManager; SearchStrategy: all) found bean 'transactionManager'; @ConditionalOnMissingBean (types: org.springframework.transaction.annotation.AbstractTransactionManagementConfiguration; SearchStrategy: all) did not find any beans (OnBeanCondition)

   TransactionAutoConfiguration.EnableTransactionManagementConfiguration.CglibAutoProxyConfiguration matched:
      - @ConditionalOnProperty (spring.aop.proxy-target-class=true) matched (OnPropertyCondition)

   TransactionAutoConfiguration.TransactionTemplateConfiguration matched:
      - @ConditionalOnSingleCandidate (types: org.springframework.transaction.PlatformTransactionManager; SearchStrategy: all) found a single bean 'transactionManager' (OnBeanCondition)

   TransactionAutoConfiguration.TransactionTemplateConfiguration#transactionTemplate matched:
      - @ConditionalOnMissingBean (types: org.springframework.transaction.support.TransactionOperations; SearchStrategy: all) did not find any beans (OnBeanCondition)


Negative matches:
-----------------

   Cache2kCacheConfiguration:
      Did not match:
         - @ConditionalOnClass did not find required class 'org.cache2k.Cache2kBuilder' (OnClassCondition)

   CacheAutoConfiguration:
      Did not match:
         - @ConditionalOnBean (types: org.springframework.cache.interceptor.CacheAspectSupport; SearchStrategy: all) did not find any beans of type org.springframework.cache.interceptor.CacheAspectSupport (OnBeanCondition)
      Matched:
         - @ConditionalOnClass found required class 'org.springframework.cache.CacheManager' (OnClassCondition)

   CacheAutoConfiguration.CacheManagerEntityManagerFactoryDependsOnPostProcessor:
      Did not match:
         - Ancestor org.springframework.boot.autoconfigure.cache.CacheAutoConfiguration did not match (ConditionEvaluationReport.AncestorsMatchedCondition)
      Matched:
         - @ConditionalOnClass found required class 'org.springframework.orm.jpa.LocalContainerEntityManagerFactoryBean' (OnClassCondition)

   CaffeineCacheConfiguration:
      Did not match:
         - @ConditionalOnClass did not find required class 'com.github.benmanes.caffeine.cache.Caffeine' (OnClassCondition)

   CouchbaseCacheConfiguration:
      Did not match:
         - @ConditionalOnClass did not find required class 'com.couchbase.client.java.Cluster' (OnClassCondition)

   DataSourceAutoConfiguration.EmbeddedDatabaseConfiguration:
      Did not match:
         - EmbeddedDataSource found supported pooled data source (DataSourceAutoConfiguration.EmbeddedDatabaseCondition)

   DataSourceCheckpointRestoreConfiguration:
      Did not match:
         - @ConditionalOnClass did not find required class 'org.crac.Resource' (OnClassCondition)

   DataSourceConfiguration.Dbcp2:
      Did not match:
         - @ConditionalOnClass did not find required class 'org.apache.commons.dbcp2.BasicDataSource' (OnClassCondition)

   DataSourceConfiguration.Generic:
      Did not match:
         - @ConditionalOnProperty (spring.datasource.type) did not find property 'spring.datasource.type' (OnPropertyCondition)

   DataSourceConfiguration.OracleUcp:
      Did not match:
         - @ConditionalOnClass did not find required classes 'oracle.ucp.jdbc.PoolDataSourceImpl', 'oracle.jdbc.OracleConnection' (OnClassCondition)

   DataSourceConfiguration.Tomcat:
      Did not match:
         - @ConditionalOnClass did not find required class 'org.apache.tomcat.jdbc.pool.DataSource' (OnClassCondition)

   DataSourceJmxConfiguration:
      Did not match:
         - @ConditionalOnProperty (spring.jmx.enabled=true) found different value in property 'enabled' (OnPropertyCondition)

   DataSourcePoolMetadataProvidersConfiguration.CommonsDbcp2PoolDataSourceMetadataProviderConfiguration:
      Did not match:
         - @ConditionalOnClass did not find required class 'org.apache.commons.dbcp2.BasicDataSource' (OnClassCondition)

   DataSourcePoolMetadataProvidersConfiguration.OracleUcpPoolDataSourceMetadataProviderConfiguration:
      Did not match:
         - @ConditionalOnClass did not find required classes 'oracle.ucp.jdbc.PoolDataSource', 'oracle.jdbc.OracleConnection' (OnClassCondition)

   DataSourcePoolMetadataProvidersConfiguration.TomcatDataSourcePoolMetadataProviderConfiguration:
      Did not match:
         - @ConditionalOnClass did not find required class 'org.apache.tomcat.jdbc.pool.DataSource' (OnClassCondition)

   DataSourceTransactionManagerAutoConfiguration.JdbcTransactionManagerConfiguration#transactionManager:
      Did not match:
         - @ConditionalOnMissingBean (types: org.springframework.transaction.TransactionManager; SearchStrategy: all) found beans of type 'org.springframework.transaction.TransactionManager' transactionManager (OnBeanCondition)

   FlywayAutoConfiguration:
      Did not match:
         - @ConditionalOnClass did not find required class 'org.flywaydb.core.Flyway' (OnClassCondition)

   GenericCacheConfiguration:
      Did not match:
         - Cache org.springframework.boot.autoconfigure.cache.GenericCacheConfiguration unknown cache type (CacheCondition)

   HazelcastCacheConfiguration:
      Did not match:
         - @ConditionalOnClass did not find required class 'com.hazelcast.core.HazelcastInstance' (OnClassCondition)

   InfinispanCacheConfiguration:
      Did not match:
         - @ConditionalOnClass did not find required class 'org.infinispan.spring.embedded.provider.SpringEmbeddedCacheManager' (OnClassCondition)

   JCacheCacheConfiguration:
      Did not match:
         - @ConditionalOnClass did not find required class 'javax.cache.Caching' (OnClassCondition)

   JpaBaseConfiguration.JpaWebConfiguration:
      Did not match:
         - not a servlet web application (OnWebApplicationCondition)
      Matched:
         - @ConditionalOnClass found required class 'org.springframework.web.servlet.config.annotation.WebMvcConfigurer' (OnClassCondition)

   JpaRepositoriesAutoConfiguration#entityManagerFactoryBootstrapExecutorCustomizer:
      Did not match:
         - AnyNestedCondition 0 matched 2 did not; NestedCondition on JpaRepositoriesAutoConfiguration.BootstrapExecutorCondition.LazyBootstrapMode @ConditionalOnProperty (spring.data.jpa.repositories.bootstrap-mode=lazy) found different value in property 'bootstrap-mode'; NestedCondition on JpaRepositoriesAutoConfiguration.BootstrapExecutorCondition.DeferredBootstrapMode @ConditionalOnProperty (spring.data.jpa.repositories.bootstrap-mode=deferred) found different value in property 'bootstrap-mode' (JpaRepositoriesAutoConfiguration.BootstrapExecutorCondition)

   LiquibaseAutoConfiguration:
      Did not match:
         - @ConditionalOnClass did not find required class 'liquibase.change.DatabaseChange' (OnClassCondition)

   R2dbcInitializationConfiguration:
      Did not match:
         - @ConditionalOnClass did not find required classes 'io.r2dbc.spi.ConnectionFactory', 'org.springframework.r2dbc.connection.init.DatabasePopulator' (OnClassCondition)

   RedisCacheConfiguration:
      Did not match:
         - @ConditionalOnClass did not find required class 'org.springframework.data.redis.connection.RedisConnectionFactory' (OnClassCondition)

   SimpleCacheConfiguration:
      Did not match:
         - Cache org.springframework.boot.autoconfigure.cache.SimpleCacheConfiguration unknown cache type (CacheCondition)

   TestDatabaseAutoConfiguration#dataSource:
      Did not match:
         - @ConditionalOnProperty (spring.test.database.replace=AUTO_CONFIGURED) did not find property 'replace' (OnPropertyCondition)

   TransactionAutoConfiguration#transactionalOperator:
      Did not match:
         - @ConditionalOnSingleCandidate (types: org.springframework.transaction.ReactiveTransactionManager; SearchStrategy: all) did not find any beans (OnBeanCondition)

   TransactionAutoConfiguration.AspectJTransactionManagementConfiguration:
      Did not match:
         - @ConditionalOnBean (types: org.springframework.transaction.aspectj.AbstractTransactionAspect; SearchStrategy: all) did not find any beans of type org.springframework.transaction.aspectj.AbstractTransactionAspect (OnBeanCondition)

   TransactionAutoConfiguration.EnableTransactionManagementConfiguration.JdkDynamicAutoProxyConfiguration:
      Did not match:
         - @ConditionalOnProperty (spring.aop.proxy-target-class=false) did not find property 'proxy-target-class' (OnPropertyCondition)


Exclusions:
-----------

    None


Unconditional classes:
----------------------

    org.springframework.boot.test.autoconfigure.jdbc.TestDatabaseAutoConfiguration



2026-07-30T23:35:20.437+05:30 level=INFO  service=orchestrator-service logger=c.e.u.r.ApprovalHistoryRepositoryTest message=Started ApprovalHistoryRepositoryTest in 1.605 seconds (process running for 38.3)
2026-07-30T23:35:20.872+05:30 level=DEBUG service=orchestrator-service logger=org.hibernate.SQL message=insert into workflow_executions (approval_round,created_at,current_stage,plan_revision,retry_count,updated_at,workflow_name,workflow_state,id) values (?,?,?,?,?,?,?,?,?)
Hibernate: insert into workflow_executions (approval_round,created_at,current_stage,plan_revision,retry_count,updated_at,workflow_name,workflow_state,id) values (?,?,?,?,?,?,?,?,?)
2026-07-30T23:35:20.975+05:30 level=DEBUG service=orchestrator-service logger=org.hibernate.SQL message=insert into approval_history (approver,comments,decided_at,decision,previous_state,resulting_state,workflow_execution_id,id) values (?,?,?,?,?,?,?,?)
Hibernate: insert into approval_history (approver,comments,decided_at,decision,previous_state,resulting_state,workflow_execution_id,id) values (?,?,?,?,?,?,?,?)
2026-07-30T23:35:21.436+05:30 level=DEBUG service=orchestrator-service logger=org.hibernate.SQL message=select ah1_0.id,ah1_0.approver,ah1_0.comments,ah1_0.decided_at,ah1_0.decision,ah1_0.previous_state,ah1_0.resulting_state,ah1_0.workflow_execution_id from approval_history ah1_0 where ah1_0.workflow_execution_id=? order by ah1_0.decided_at
Hibernate: select ah1_0.id,ah1_0.approver,ah1_0.comments,ah1_0.decided_at,ah1_0.decision,ah1_0.previous_state,ah1_0.resulting_state,ah1_0.workflow_execution_id from approval_history ah1_0 where ah1_0.workflow_execution_id=? order by ah1_0.decided_at
]]></system-out>
  </testcase>
</testsuite>